# JRE version: OpenJDK Runtime Environment JBR-17.0.4.1+7-469.62-jcef (17.0.4.1+7) (build 17.0.4.1+7-b469.62)
# Java VM: OpenJDK 64-Bit Server VM JBR-17.0.4.1+7-469.62-jcef (17.0.4.1+7-b469.62, mixed mode, tiered, compressed oops, compressed class ptrs, g1 gc, windows-amd64)
GC Precious Log:
 CPUs: 4 total, 4 available
 Memory: 8087M
 Large Page Support: Disabled
 NUMA Support: Disabled
 Compressed Oops: Enabled (32-bit)
 Heap Region Size: 1M
 Heap Min Capacity: 128M
 Heap Initial Capacity: 128M
 Heap Max Capacity: 750M
 Pre-touch: Disabled
 Parallel Workers: 4
 Concurrent Workers: 1
 Concurrent Refinement Workers: 4
 Periodic GC: Disabled
Heap:
 garbage-first heap   total 131072K, used 19579K [0x00000000d1200000, 0x0000000100000000)
  region size 1024K, 18 young (18432K), 4 survivors (4096K)
 Metaspace       used 24793K, committed 25088K, reserved 1073152K
  class space    used 2553K, committed 2688K, reserved 1048576K
GC Heap History (6 events):
Event: 10.382 GC heap before
{Heap before GC invocations=0 (full 0):
 garbage-first heap   total 131072K, used 12288K [0x00000000d1200000, 0x0000000100000000)
  region size 1024K, 13 young (13312K), 0 survivors (0K)
 Metaspace       used 15009K, committed 15296K, reserved 1064960K
  class space    used 1521K, committed 1664K, reserved 1048576K
}
Event: 10.393 GC heap after
{Heap after GC invocations=1 (full 0):
 garbage-first heap   total 131072K, used 3541K [0x00000000d1200000, 0x0000000100000000)
  region size 1024K, 2 young (2048K), 2 survivors (2048K)
 Metaspace       used 15009K, committed 15296K, reserved 1064960K
  class space    used 1521K, committed 1664K, reserved 1048576K
}
Event: 11.554 GC heap before
{Heap before GC invocations=1 (full 0):
 garbage-first heap   total 131072K, used 12757K [0x00000000d1200000, 0x0000000100000000)
  region size 1024K, 12 young (12288K), 2 survivors (2048K)
 Metaspace       used 21334K, committed 21504K, reserved 1073152K
  class space    used 2283K, committed 2368K, reserved 1048576K
}
Event: 11.560 GC heap after
{Heap after GC invocations=2 (full 0):
 garbage-first heap   total 131072K, used 5618K [0x00000000d1200000, 0x0000000100000000)
  region size 1024K, 2 young (2048K), 2 survivors (2048K)
 Metaspace       used 21334K, committed 21504K, reserved 1073152K
  class space    used 2283K, committed 2368K, reserved 1048576K
}
Event: 23.950 GC heap before
{Heap before GC invocations=3 (full 0):
 garbage-first heap   total 131072K, used 29170K [0x00000000d1200000, 0x0000000100000000)
  region size 1024K, 25 young (25600K), 2 survivors (2048K)
 Metaspace       used 24636K, committed 24960K, reserved 1073152K
  class space    used 2549K, committed 2688K, reserved 1048576K
}
Event: 23.958 GC heap after
{Heap after GC invocations=4 (full 0):
 garbage-first heap   total 131072K, used 7291K [0x00000000d1200000, 0x0000000100000000)
  region size 1024K, 4 young (4096K), 4 survivors (4096K)
 Metaspace       used 24636K, committed 24960K, reserved 1073152K
  class space    used 2549K, committed 2688K, reserved 1048576K
}

